# JRE version: OpenJDK Runtime Environment Temurin-21.0.7+6 (21.0.7+6) (build 21.0.7+6-LTS)
# Java VM: OpenJDK 64-Bit Server VM Temurin-21.0.7+6 (21.0.7+6-LTS, mixed mode, sharing, tiered, compressed oops, compressed class ptrs, parallel gc, windows-amd64)
GC Precious Log:
 CardTable entry size: 512
 CPUs: 16 total, 16 available
 Memory: 23748M
 Large Page Support: Disabled
 NUMA Support: Disabled
 Compressed Oops: Enabled (32-bit)
 Alignments: Space 512K, Generation 512K, Heap 2M
 Heap Min Capacity: 100M
 Heap Initial Capacity: 100M
 Heap Max Capacity: 1G
 Pre-touch: Disabled
 Parallel Workers: 13
Heap:
 PSYoungGen      total 8704K, used 8691K [0x00000000eab00000, 0x00000000ebb00000, 0x0000000100000000)
  eden space 8192K, 100% used [0x00000000eab00000,0x00000000eb300000,0x00000000eb300000)
  from space 512K, 97% used [0x00000000eba80000,0x00000000ebafcdc0,0x00000000ebb00000)
  to   space 2560K, 0% used [0x00000000eb600000,0x00000000eb600000,0x00000000eb880000)
 ParOldGen       total 698880K, used 698740K [0x00000000c0000000, 0x00000000eaa80000, 0x00000000eab00000)
  object space 698880K, 99% used [0x00000000c0000000,0x00000000eaa5d1f8,0x00000000eaa80000)
 Metaspace       used 87058K, committed 88896K, reserved 1179648K
  class space    used 8475K, committed 9344K, reserved 1048576K
GC Heap History (20 events):
Event: 6414.278 GC heap after
{Heap after GC invocations=3917 (full 7):
 PSYoungGen      total 12288K, used 4064K [0x00000000eab00000, 0x00000000ece00000, 0x0000000100000000)
  eden space 8192K, 0% used [0x00000000eab00000,0x00000000eab00000,0x00000000eb300000)
  from space 4096K, 99% used [0x00000000eb300000,0x00000000eb6f8390,0x00000000eb700000)
  to   space 12800K, 0% used [0x00000000ec180000,0x00000000ec180000,0x00000000ece00000)
 ParOldGen       total 675328K, used 674964K [0x00000000c0000000, 0x00000000e9380000, 0x00000000eab00000)
  object space 675328K, 99% used [0x00000000c0000000,0x00000000e9325018,0x00000000e9380000)
 Metaspace       used 87035K, committed 88896K, reserved 1179648K
  class space    used 8475K, committed 9344K, reserved 1048576K
}
Event: 6414.349 GC heap before
{Heap before GC invocations=3918 (full 7):
 PSYoungGen      total 12288K, used 12249K [0x00000000eab00000, 0x00000000ece00000, 0x0000000100000000)
  eden space 8192K, 99% used [0x00000000eab00000,0x00000000eb2fe0c8,0x00000000eb300000)
  from space 4096K, 99% used [0x00000000eb300000,0x00000000eb6f8390,0x00000000eb700000)
  to   space 12800K, 0% used [0x00000000ec180000,0x00000000ec180000,0x00000000ece00000)
 ParOldGen       total 675328K, used 674964K [0x00000000c0000000, 0x00000000e9380000, 0x00000000eab00000)
  object space 675328K, 99% used [0x00000000c0000000,0x00000000e9325018,0x00000000e9380000)
 Metaspace       used 87035K, committed 88896K, reserved 1179648K
  class space    used 8475K, committed 9344K, reserved 1048576K
}
Event: 6414.354 GC heap after
{Heap after GC invocations=3918 (full 7):
 PSYoungGen      total 13824K, used 5152K [0x00000000eab00000, 0x00000000ec700000, 0x0000000100000000)
  eden space 8192K, 0% used [0x00000000eab00000,0x00000000eab00000,0x00000000eb300000)
  from space 5632K, 91% used [0x00000000ec180000,0x00000000ec688000,0x00000000ec700000)
  to   space 7680K, 0% used [0x00000000eb800000,0x00000000eb800000,0x00000000ebf80000)
 ParOldGen       total 679424K, used 679100K [0x00000000c0000000, 0x00000000e9780000, 0x00000000eab00000)
  object space 679424K, 99% used [0x00000000c0000000,0x00000000e972f3a8,0x00000000e9780000)
 Metaspace       used 87035K, committed 88896K, reserved 1179648K
  class space    used 8475K, committed 9344K, reserved 1048576K
}
Event: 6414.408 GC heap before
{Heap before GC invocations=3919 (full 7):
 PSYoungGen      total 13824K, used 13344K [0x00000000eab00000, 0x00000000ec700000, 0x0000000100000000)
  eden space 8192K, 100% used [0x00000000eab00000,0x00000000eb300000,0x00000000eb300000)
  from space 5632K, 91% used [0x00000000ec180000,0x00000000ec688000,0x00000000ec700000)
  to   space 7680K, 0% used [0x00000000eb800000,0x00000000eb800000,0x00000000ebf80000)
 ParOldGen       total 679424K, used 679100K [0x00000000c0000000, 0x00000000e9780000, 0x00000000eab00000)
  object space 679424K, 99% used [0x00000000c0000000,0x00000000e972f3a8,0x00000000e9780000)
 Metaspace       used 87035K, committed 88896K, reserved 1179648K
  class space    used 8475K, committed 9344K, reserved 1048576K
}
Event: 6414.412 GC heap after
{Heap after GC invocations=3919 (full 7):
 PSYoungGen      total 13824K, used 5340K [0x00000000eab00000, 0x00000000ec200000, 0x0000000100000000)
  eden space 8192K, 0% used [0x00000000eab00000,0x00000000eab00000,0x00000000eb300000)
  from space 5632K, 94% used [0x00000000eb800000,0x00000000ebd37330,0x00000000ebd80000)
  to   space 4608K, 0% used [0x00000000ebd80000,0x00000000ebd80000,0x00000000ec200000)
 ParOldGen       total 684032K, used 684000K [0x00000000c0000000, 0x00000000e9c00000, 0x00000000eab00000)
  object space 684032K, 99% used [0x00000000c0000000,0x00000000e9bf8178,0x00000000e9c00000)
 Metaspace       used 87035K, committed 88896K, reserved 1179648K
  class space    used 8475K, committed 9344K, reserved 1048576K
}
Event: 6414.437 GC heap before
{Heap before GC invocations=3920 (full 7):
 PSYoungGen      total 13824K, used 13532K [0x00000000eab00000, 0x00000000ec200000, 0x0000000100000000)
  eden space 8192K, 99% used [0x00000000eab00000,0x00000000eb2fffc8,0x00000000eb300000)
  from space 5632K, 94% used [0x00000000eb800000,0x00000000ebd37330,0x00000000ebd80000)
  to   space 4608K, 0% used [0x00000000ebd80000,0x00000000ebd80000,0x00000000ec200000)
 ParOldGen       total 684032K, used 684000K [0x00000000c0000000, 0x00000000e9c00000, 0x00000000eab00000)
  object space 684032K, 99% used [0x00000000c0000000,0x00000000e9bf8178,0x00000000e9c00000)
 Metaspace       used 87035K, committed 88896K, reserved 1179648K
  class space    used 8475K, committed 9344K, reserved 1048576K
}
Event: 6414.440 GC heap after
{Heap after GC invocations=3920 (full 7):
 PSYoungGen      total 12288K, used 3690K [0x00000000eab00000, 0x00000000ec180000, 0x0000000100000000)
  eden space 8192K, 0% used [0x00000000eab00000,0x00000000eab00000,0x00000000eb300000)
  from space 4096K, 90% used [0x00000000ebd80000,0x00000000ec11a840,0x00000000ec180000)
  to   space 4608K, 0% used [0x00000000eb880000,0x00000000eb880000,0x00000000ebd00000)
 ParOldGen       total 689152K, used 689090K [0x00000000c0000000, 0x00000000ea100000, 0x00000000eab00000)
  object space 689152K, 99% used [0x00000000c0000000,0x00000000ea0f0950,0x00000000ea100000)
 Metaspace       used 87035K, committed 88896K, reserved 1179648K
  class space    used 8475K, committed 9344K, reserved 1048576K
}
Event: 6414.448 GC heap before
{Heap before GC invocations=3921 (full 7):
 PSYoungGen      total 12288K, used 11882K [0x00000000eab00000, 0x00000000ec180000, 0x0000000100000000)
  eden space 8192K, 99% used [0x00000000eab00000,0x00000000eb2fffd0,0x00000000eb300000)
  from space 4096K, 90% used [0x00000000ebd80000,0x00000000ec11a840,0x00000000ec180000)
  to   space 4608K, 0% used [0x00000000eb880000,0x00000000eb880000,0x00000000ebd00000)
 ParOldGen       total 689152K, used 689090K [0x00000000c0000000, 0x00000000ea100000, 0x00000000eab00000)
  object space 689152K, 99% used [0x00000000c0000000,0x00000000ea0f0950,0x00000000ea100000)
 Metaspace       used 87043K, committed 88896K, reserved 1179648K
  class space    used 8475K, committed 9344K, reserved 1048576K
}
Event: 6414.450 GC heap after
{Heap after GC invocations=3921 (full 7):
 PSYoungGen      total 9728K, used 1504K [0x00000000eab00000, 0x00000000ebe00000, 0x0000000100000000)
  eden space 8192K, 0% used [0x00000000eab00000,0x00000000eab00000,0x00000000eb300000)
  from space 1536K, 97% used [0x00000000eb880000,0x00000000eb9f8000,0x00000000eba00000)
  to   space 2560K, 0% used [0x00000000ebb80000,0x00000000ebb80000,0x00000000ebe00000)
 ParOldGen       total 692736K, used 692578K [0x00000000c0000000, 0x00000000ea480000, 0x00000000eab00000)
  object space 692736K, 99% used [0x00000000c0000000,0x00000000ea458b60,0x00000000ea480000)
 Metaspace       used 87043K, committed 88896K, reserved 1179648K
  class space    used 8475K, committed 9344K, reserved 1048576K
}
Event: 6414.461 GC heap before
{Heap before GC invocations=3922 (full 7):
 PSYoungGen      total 9728K, used 9696K [0x00000000eab00000, 0x00000000ebe00000, 0x0000000100000000)
  eden space 8192K, 100% used [0x00000000eab00000,0x00000000eb300000,0x00000000eb300000)
  from space 1536K, 97% used [0x00000000eb880000,0x00000000eb9f8000,0x00000000eba00000)
  to   space 2560K, 0% used [0x00000000ebb80000,0x00000000ebb80000,0x00000000ebe00000)
 ParOldGen       total 692736K, used 692578K [0x00000000c0000000, 0x00000000ea480000, 0x00000000eab00000)
  object space 692736K, 99% used [0x00000000c0000000,0x00000000ea458b60,0x00000000ea480000)
 Metaspace       used 87044K, committed 88896K, reserved 1179648K
  class space    used 8475K, committed 9344K, reserved 1048576K
}
Event: 6414.463 GC heap after
{Heap after GC invocations=3922 (full 7):
 PSYoungGen      total 9728K, used 1508K [0x00000000eab00000, 0x00000000ebd00000, 0x0000000100000000)
  eden space 8192K, 0% used [0x00000000eab00000,0x00000000eab00000,0x00000000eb300000)
  from space 1536K, 98% used [0x00000000ebb80000,0x00000000ebcf9210,0x00000000ebd00000)
  to   space 2048K, 0% used [0x00000000eb900000,0x00000000eb900000,0x00000000ebb00000)
 ParOldGen       total 694272K, used 693853K [0x00000000c0000000, 0x00000000ea600000, 0x00000000eab00000)
  object space 694272K, 99% used [0x00000000c0000000,0x00000000ea597720,0x00000000ea600000)
 Metaspace       used 87044K, committed 88896K, reserved 1179648K
  class space    used 8475K, committed 9344K, reserved 1048576K
}
Event: 6414.474 GC heap before
{Heap before GC invocations=3923 (full 7):
 PSYoungGen      total 9728K, used 9700K [0x00000000eab00000, 0x00000000ebd00000, 0x0000000100000000)
  eden space 8192K, 100% used [0x00000000eab00000,0x00000000eb300000,0x00000000eb300000)
  from space 1536K, 98% used [0x00000000ebb80000,0x00000000ebcf9210,0x00000000ebd00000)
  to   space 2048K, 0% used [0x00000000eb900000,0x00000000eb900000,0x00000000ebb00000)
 ParOldGen       total 694272K, used 693853K [0x00000000c0000000, 0x00000000ea600000, 0x00000000eab00000)
  object space 694272K, 99% used [0x00000000c0000000,0x00000000ea597720,0x00000000ea600000)
 Metaspace       used 87044K, committed 88896K, reserved 1179648K
  class space    used 8475K, committed 9344K, reserved 1048576K
}
Event: 6414.476 GC heap after
{Heap after GC invocations=3923 (full 7):
 PSYoungGen      total 9728K, used 1152K [0x00000000eab00000, 0x00000000ebc00000, 0x0000000100000000)
  eden space 8192K, 0% used [0x00000000eab00000,0x00000000eab00000,0x00000000eb300000)
  from space 1536K, 75% used [0x00000000eb900000,0x00000000eba20020,0x00000000eba80000)
  to   space 1536K, 0% used [0x00000000eba80000,0x00000000eba80000,0x00000000ebc00000)
 ParOldGen       total 695296K, used 695212K [0x00000000c0000000, 0x00000000ea700000, 0x00000000eab00000)
  object space 695296K, 99% used [0x00000000c0000000,0x00000000ea6eb080,0x00000000ea700000)
 Metaspace       used 87044K, committed 88896K, reserved 1179648K
  class space    used 8475K, committed 9344K, reserved 1048576K
}
Event: 6414.643 GC heap before
{Heap before GC invocations=3924 (full 7):
 PSYoungGen      total 9728K, used 9344K [0x00000000eab00000, 0x00000000ebc00000, 0x0000000100000000)
  eden space 8192K, 100% used [0x00000000eab00000,0x00000000eb300000,0x00000000eb300000)
  from space 1536K, 75% used [0x00000000eb900000,0x00000000eba20020,0x00000000eba80000)
  to   space 1536K, 0% used [0x00000000eba80000,0x00000000eba80000,0x00000000ebc00000)
 ParOldGen       total 695296K, used 695212K [0x00000000c0000000, 0x00000000ea700000, 0x00000000eab00000)
  object space 695296K, 99% used [0x00000000c0000000,0x00000000ea6eb080,0x00000000ea700000)
 Metaspace       used 87051K, committed 88896K, reserved 1179648K
  class space    used 8475K, committed 9344K, reserved 1048576K
}
Event: 6414.647 GC heap after
{Heap after GC invocations=3924 (full 7):
 PSYoungGen      total 9728K, used 1356K [0x00000000eab00000, 0x00000000ebc00000, 0x0000000100000000)
  eden space 8192K, 0% used [0x00000000eab00000,0x00000000eab00000,0x00000000eb300000)
  from space 1536K, 88% used [0x00000000eba80000,0x00000000ebbd31a8,0x00000000ebc00000)
  to   space 1536K, 0% used [0x00000000eb900000,0x00000000eb900000,0x00000000eba80000)
 ParOldGen       total 696320K, used 696188K [0x00000000c0000000, 0x00000000ea800000, 0x00000000eab00000)
  object space 696320K, 99% used [0x00000000c0000000,0x00000000ea7df120,0x00000000ea800000)
 Metaspace       used 87051K, committed 88896K, reserved 1179648K
  class space    used 8475K, committed 9344K, reserved 1048576K
}
Event: 6414.663 GC heap before
{Heap before GC invocations=3925 (full 7):
 PSYoungGen      total 9728K, used 9548K [0x00000000eab00000, 0x00000000ebc00000, 0x0000000100000000)
  eden space 8192K, 100% used [0x00000000eab00000,0x00000000eb300000,0x00000000eb300000)
  from space 1536K, 88% used [0x00000000eba80000,0x00000000ebbd31a8,0x00000000ebc00000)
  to   space 1536K, 0% used [0x00000000eb900000,0x00000000eb900000,0x00000000eba80000)
 ParOldGen       total 696320K, used 696188K [0x00000000c0000000, 0x00000000ea800000, 0x00000000eab00000)
  object space 696320K, 99% used [0x00000000c0000000,0x00000000ea7df120,0x00000000ea800000)
 Metaspace       used 87051K, committed 88896K, reserved 1179648K
  class space    used 8475K, committed 9344K, reserved 1048576K
}
Event: 6414.667 GC heap after
{Heap after GC invocations=3925 (full 7):
 PSYoungGen      total 9728K, used 1184K [0x00000000eab00000, 0x00000000ebb00000, 0x0000000100000000)
  eden space 8192K, 0% used [0x00000000eab00000,0x00000000eab00000,0x00000000eb300000)
  from space 1536K, 77% used [0x00000000eb900000,0x00000000eba28000,0x00000000eba80000)
  to   space 512K, 0% used [0x00000000eba80000,0x00000000eba80000,0x00000000ebb00000)
 ParOldGen       total 697344K, used 697296K [0x00000000c0000000, 0x00000000ea900000, 0x00000000eab00000)
  object space 697344K, 99% used [0x00000000c0000000,0x00000000ea8f4338,0x00000000ea900000)
 Metaspace       used 87051K, committed 88896K, reserved 1179648K
  class space    used 8475K, committed 9344K, reserved 1048576K
}
Event: 6414.907 GC heap before
{Heap before GC invocations=3926 (full 7):
 PSYoungGen      total 9728K, used 9376K [0x00000000eab00000, 0x00000000ebb00000, 0x0000000100000000)
  eden space 8192K, 100% used [0x00000000eab00000,0x00000000eb300000,0x00000000eb300000)
  from space 1536K, 77% used [0x00000000eb900000,0x00000000eba28000,0x00000000eba80000)
  to   space 512K, 0% used [0x00000000eba80000,0x00000000eba80000,0x00000000ebb00000)
 ParOldGen       total 697344K, used 697296K [0x00000000c0000000, 0x00000000ea900000, 0x00000000eab00000)
  object space 697344K, 99% used [0x00000000c0000000,0x00000000ea8f4338,0x00000000ea900000)
 Metaspace       used 87058K, committed 88896K, reserved 1179648K
  class space    used 8475K, committed 9344K, reserved 1048576K
}
Event: 6414.911 GC heap after
{Heap after GC invocations=3926 (full 7):
 PSYoungGen      total 8704K, used 499K [0x00000000eab00000, 0x00000000ebb00000, 0x0000000100000000)
  eden space 8192K, 0% used [0x00000000eab00000,0x00000000eab00000,0x00000000eb300000)
  from space 512K, 97% used [0x00000000eba80000,0x00000000ebafcdc0,0x00000000ebb00000)
  to   space 2560K, 0% used [0x00000000eb600000,0x00000000eb600000,0x00000000eb880000)
 ParOldGen       total 698880K, used 698740K [0x00000000c0000000, 0x00000000eaa80000, 0x00000000eab00000)
  object space 698880K, 99% used [0x00000000c0000000,0x00000000eaa5d1f8,0x00000000eaa80000)
 Metaspace       used 87058K, committed 88896K, reserved 1179648K
  class space    used 8475K, committed 9344K, reserved 1048576K
}
Event: 6414.926 GC heap before
{Heap before GC invocations=3927 (full 8):
 PSYoungGen      total 8704K, used 8691K [0x00000000eab00000, 0x00000000ebb00000, 0x0000000100000000)
  eden space 8192K, 100% used [0x00000000eab00000,0x00000000eb300000,0x00000000eb300000)
  from space 512K, 97% used [0x00000000eba80000,0x00000000ebafcdc0,0x00000000ebb00000)
  to   space 2560K, 0% used [0x00000000eb600000,0x00000000eb600000,0x00000000eb880000)
 ParOldGen       total 698880K, used 698740K [0x00000000c0000000, 0x00000000eaa80000, 0x00000000eab00000)
  object space 698880K, 99% used [0x00000000c0000000,0x00000000eaa5d1f8,0x00000000eaa80000)
 Metaspace       used 87058K, committed 88896K, reserved 1179648K
  class space    used 8475K, committed 9344K, reserved 1048576K
}

